Build started 11/27/2013 4:01:10 PM.
     1>Project "C:\Users\Trenton\Desktop\School Stuff\Junior Year (2013-2014)\Fall 2013\Concepts in Programming Languages\Trenton Sanders cInterp\Trenton Sanders cInterp\Trenton Sanders cInterp.vcxproj" on node 2 (build target(s)).
     1>InitializeBuildStatus:
         Creating "Debug\Trenton Sanders cInterp.unsuccessfulbuild" because "AlwaysCreate" was specified.
       ClCompile:
         c:\Program Files (x86)\Microsoft Visual Studio 10.0\VC\bin\CL.exe /c /ZI /nologo /W3 /WX- /Od /Oy- /D WIN32 /D _DEBUG /D _CONSOLE /D _UNICODE /D UNICODE /Gm /EHsc /RTC1 /MDd /GS /fp:precise /Zc:wchar_t /Zc:forScope /Fo"Debug\\" /Fd"Debug\vc100.pdb" /Gd /TP /analyze- /errorReport:prompt interpreter.cpp
         interpreter.cpp
     1>c:\users\trenton\desktop\school stuff\junior year (2013-2014)\fall 2013\concepts in programming languages\trenton sanders cinterp\trenton sanders cinterp\interpreter.cpp(127): warning C4804: '<' : unsafe use of type 'bool' in operation
     1>c:\users\trenton\desktop\school stuff\junior year (2013-2014)\fall 2013\concepts in programming languages\trenton sanders cinterp\trenton sanders cinterp\interpreter.cpp(172): warning C4804: '<' : unsafe use of type 'bool' in operation
       ManifestResourceCompile:
         All outputs are up-to-date.
       Link:
         c:\Program Files (x86)\Microsoft Visual Studio 10.0\VC\bin\link.exe /ERRORREPORT:PROMPT /OUT:"C:\Users\Trenton\Desktop\School Stuff\Junior Year (2013-2014)\Fall 2013\Concepts in Programming Languages\Trenton Sanders cInterp\Debug\Trenton Sanders cInterp.exe" /INCREMENTAL /NOLOGO kernel32.lib user32.lib gdi32.lib winspool.lib comdlg32.lib advapi32.lib shell32.lib ole32.lib oleaut32.lib uuid.lib odbc32.lib odbccp32.lib /MANIFEST /ManifestFile:"Debug\Trenton Sanders cInterp.exe.intermediate.manifest" /MANIFESTUAC:"level='asInvoker' uiAccess='false'" /DEBUG /PDB:"C:\Users\Trenton\Desktop\School Stuff\Junior Year (2013-2014)\Fall 2013\Concepts in Programming Languages\Trenton Sanders cInterp\Debug\Trenton Sanders cInterp.pdb" /SUBSYSTEM:CONSOLE /TLBID:1 /DYNAMICBASE /NXCOMPAT /IMPLIB:"C:\Users\Trenton\Desktop\School Stuff\Junior Year (2013-2014)\Fall 2013\Concepts in Programming Languages\Trenton Sanders cInterp\Debug\Trenton Sanders cInterp.lib" /MACHINE:X86 "Debug\Trenton Sanders cInterp.exe.embed.manifest.res"
         Debug\interpreter.obj
       Manifest:
         c:\Program Files (x86)\Microsoft SDKs\Windows\v7.0A\bin\mt.exe /nologo /verbose /out:"Debug\Trenton Sanders cInterp.exe.embed.manifest" /manifest "Debug\Trenton Sanders cInterp.exe.intermediate.manifest"
         All outputs are up-to-date.
       LinkEmbedManifest:
         All outputs are up-to-date.
         Trenton Sanders cInterp.vcxproj -> C:\Users\Trenton\Desktop\School Stuff\Junior Year (2013-2014)\Fall 2013\Concepts in Programming Languages\Trenton Sanders cInterp\Debug\Trenton Sanders cInterp.exe
       FinalizeBuildStatus:
         Deleting file "Debug\Trenton Sanders cInterp.unsuccessfulbuild".
         Touching "Debug\Trenton Sanders cInterp.lastbuildstate".
     1>Done Building Project "C:\Users\Trenton\Desktop\School Stuff\Junior Year (2013-2014)\Fall 2013\Concepts in Programming Languages\Trenton Sanders cInterp\Trenton Sanders cInterp\Trenton Sanders cInterp.vcxproj" (build target(s)).

Build succeeded.

Time Elapsed 00:00:01.45
